app/build/intermediates/manifest_merge_blame_file/debug/manifest-merger-blame-debug-report.txt
1<?xml version="1.0" encoding="utf-8"?>
2<manifest xmlns:android="http://schemas.android.com/apk/res/android"
3    package="edu.buffalo.cse.cse486586.groupmessenger1"
4    android:versionCode="1"
5    android:versionName="1.0" >
6
7    <uses-sdk
8        android:minSdkVersion="19"
8-->src/main/AndroidManifest.xml
9        android:targetSdkVersion="19" />
9-->src/main/AndroidManifest.xml
10
11    <uses-permission android:name="android.permission.INTERNET" />
11-->src/main/AndroidManifest.xml:6:5-66
11-->src/main/AndroidManifest.xml:6:22-64
12
13    <application
13-->src/main/AndroidManifest.xml:8:5-24:19
14        android:allowBackup="true"
14-->src/main/AndroidManifest.xml:9:9-35
15        android:debuggable="true"
16        android:icon="@drawable/ic_launcher"
16-->src/main/AndroidManifest.xml:10:9-45
17        android:label="@string/app_name"
17-->src/main/AndroidManifest.xml:11:9-41
18        android:testOnly="true"
19        android:theme="@style/AppTheme" >
19-->src/main/AndroidManifest.xml:12:9-40
20        <activity
20-->src/main/AndroidManifest.xml:13:9-21:20
21            android:name="edu.buffalo.cse.cse486586.groupmessenger1.GroupMessengerActivity"
21-->src/main/AndroidManifest.xml:14:13-92
22            android:label="@string/app_name" >
22-->src/main/AndroidManifest.xml:15:13-45
23            <intent-filter>
23-->src/main/AndroidManifest.xml:16:13-20:29
24                <action android:name="android.intent.action.MAIN" />
24-->src/main/AndroidManifest.xml:17:17-69
24-->src/main/AndroidManifest.xml:17:25-66
25
26                <category android:name="android.intent.category.LAUNCHER" />
26-->src/main/AndroidManifest.xml:19:17-77
26-->src/main/AndroidManifest.xml:19:27-74
27            </intent-filter>
28        </activity>
29
30        <provider
30-->src/main/AndroidManifest.xml:22:9-23:88
31            android:name="edu.buffalo.cse.cse486586.groupmessenger1.GroupMessengerProvider"
31-->src/main/AndroidManifest.xml:22:19-98
32            android:authorities="edu.buffalo.cse.cse486586.groupmessenger1.provider" />
32-->src/main/AndroidManifest.xml:23:13-85
33    </application>
34
35</manifest>